
Showing logs for build [32mcb-kubecd-environment-pr-197-37-r5r7q-1[0m stage [32mfrom-build-pack[0m and container [32mstep-credential-initializer-fjtsd[0m
{"level":"warn","ts":1586346278.7516232,"logger":"fallback-logger","caller":"logging/config.go:69","msg":"Fetch GitHub commit ID from kodata failed: \"ref: refs/heads/0.8.0-**-support-backwards-incompats\" is not a valid GitHub commit ID"}
{"level":"info","ts":1586346278.7523956,"logger":"fallback-logger","caller":"creds-init/main.go:40","msg":"Credentials initialized."}

Showing logs for build [32mcb-kubecd-environment-pr-197-37-r5r7q-1[0m stage [32mfrom-build-pack[0m and container [32mstep-working-dir-initializer-wn5sp[0m
{"level":"warn","ts":1586346279.75258,"logger":"fallback-logger","caller":"logging/config.go:69","msg":"Fetch GitHub commit ID from kodata failed: open /var/run/ko/HEAD: no such file or directory"}
{"level":"info","ts":1586346279.7576091,"logger":"fallback-logger","caller":"bash/main.go:64","msg":"Successfully executed command \"sh -c mkdir -p /workspace/source\"; output "}

Showing logs for build [32mcb-kubecd-environment-pr-197-37-r5r7q-1[0m stage [32mfrom-build-pack[0m and container [32mstep-place-tools[0m

Showing logs for build [32mcb-kubecd-environment-pr-197-37-r5r7q-1[0m stage [32mfrom-build-pack[0m and container [32mstep-git-source-cb-kubecd-environment-pr-197-37-r5r7q-jd6ct[0m
{"level":"warn","ts":1586346284.0549488,"logger":"fallback-logger","caller":"logging/config.go:69","msg":"Fetch GitHub commit ID from kodata failed: \"ref: refs/heads/0.8.0-**-support-backwards-incompats\" is not a valid GitHub commit ID"}
{"level":"info","ts":1586346285.0884147,"logger":"fallback-logger","caller":"git/git.go:103","msg":"Successfully cloned https://github.com/cb-kubecd/environment-pr-197-37-boot-gke-staging.git @ master in path /workspace/source"}

Showing logs for build [32mcb-kubecd-environment-pr-197-37-r5r7q-1[0m stage [32mfrom-build-pack[0m and container [32mstep-git-merge[0m
Using SHAs from PULL_REFS=master:df70c850195673fef4240bebe58cf1a5dcb0a198,6:848a4f99b26b6daadc0f85e8de3e5fe6c377dcf5
DEBUG: LC_ALL=C JX_LOG_LEVEL=error git fetch origin --unshallow 848a4f99b26b6daadc0f85e8de3e5fe6c377dcf5: df70c850195673fef4240bebe58cf1a5dcb0a198:
DEBUG: ran git fetch --unshallow origin 848a4f99b26b6daadc0f85e8de3e5fe6c377dcf5: df70c850195673fef4240bebe58cf1a5dcb0a198: in 
DEBUG: JX_LOG_LEVEL=error LC_ALL=C git branch
DEBUG: JX_LOG_LEVEL=error LC_ALL=C git checkout master
DEBUG: ran git checkout master in 
DEBUG: LC_ALL=C JX_LOG_LEVEL=error git reset --hard df70c850195673fef4240bebe58cf1a5dcb0a198
DEBUG: ran git reset --hard df70c850195673fef4240bebe58cf1a5dcb0a198 in 
DEBUG: LC_ALL=C JX_LOG_LEVEL=error git clean -fd .
DEBUG: ran clean --force -d . in 
DEBUG: JX_LOG_LEVEL=error LC_ALL=C git merge 848a4f99b26b6daadc0f85e8de3e5fe6c377dcf5
DEBUG: ran git merge 848a4f99b26b6daadc0f85e8de3e5fe6c377dcf5 in 
DEBUG: LC_ALL=C JX_LOG_LEVEL=error git log --format=%H%x1f%an%x1f%ae%x1f%cn%x1f%ce%x1f%s%n%b%x1e df70c850195673fef4240bebe58cf1a5dcb0a198..HEAD
Merged SHA 848a4f99b26b6daadc0f85e8de3e5fe6c377dcf5 with commit message 'chore: Promote bdd-sbrp-import-1586345408 to version 0.0.1' into base branch master

Showing logs for build [32mcb-kubecd-environment-pr-197-37-r5r7q-1[0m stage [32mfrom-build-pack[0m and container [32mstep-build-helm-build[0m
WARNING: No $CHART_REPOSITORY defined so using the default value of: http://jenkins-x-chartmuseum:8080
Adding missing Helm repo: storage.googleapis.com https://storage.googleapis.com/chartmuseum.jenkins-x.io
WARNING: No secrets found on "helm/repos" due: reading the secret "helm/repos" from vault: no secret "helm/repos" not found in vault
Read credentials for https://storage.googleapis.com/chartmuseum.jenkins-x.io from vault helm/repos
Successfully added Helm repository storage.googleapis.com.
Adding missing Helm repo: jenkins-x-chartmuseum http://jenkins-x-chartmuseum:8080
WARNING: No secrets found on "helm/repos" due: reading the secret "helm/repos" from vault: no secret "helm/repos" not found in vault
Read credentials for http://jenkins-x-chartmuseum:8080 from vault helm/repos
Successfully added Helm repository jenkins-x-chartmuseum.
WARNING: No $CHART_REPOSITORY defined so using the default value of: http://jenkins-x-chartmuseum:8080
Adding missing Helm repo: chartmuseum.jenkins-x.io http://chartmuseum.jenkins-x.io
WARNING: No secrets found on "helm/repos" due: reading the secret "helm/repos" from vault: no secret "helm/repos" not found in vault
Read credentials for http://chartmuseum.jenkins-x.io from vault helm/repos
Successfully added Helm repository chartmuseum.jenkins-x.io.
