
Showing logs for build [32mcb-kubecd-environment-pr-197-37-ct6s5-1[0m stage [32mfrom-build-pack[0m and container [32mstep-credential-initializer-p2txt[0m
{"level":"warn","ts":1586342299.623386,"logger":"fallback-logger","caller":"logging/config.go:69","msg":"Fetch GitHub commit ID from kodata failed: \"ref: refs/heads/0.8.0-**-support-backwards-incompats\" is not a valid GitHub commit ID"}
{"level":"info","ts":1586342299.6243787,"logger":"fallback-logger","caller":"creds-init/main.go:40","msg":"Credentials initialized."}

Showing logs for build [32mcb-kubecd-environment-pr-197-37-ct6s5-1[0m stage [32mfrom-build-pack[0m and container [32mstep-working-dir-initializer-gvfcb[0m
{"level":"warn","ts":1586342300.9917107,"logger":"fallback-logger","caller":"logging/config.go:69","msg":"Fetch GitHub commit ID from kodata failed: open /var/run/ko/HEAD: no such file or directory"}
{"level":"info","ts":1586342300.9932094,"logger":"fallback-logger","caller":"bash/main.go:64","msg":"Successfully executed command \"sh -c mkdir -p /workspace/source\"; output "}

Showing logs for build [32mcb-kubecd-environment-pr-197-37-ct6s5-1[0m stage [32mfrom-build-pack[0m and container [32mstep-place-tools[0m

Showing logs for build [32mcb-kubecd-environment-pr-197-37-ct6s5-1[0m stage [32mfrom-build-pack[0m and container [32mstep-git-source-cb-kubecd-environment-pr-197-37-ct6s5-8bdb7[0m
{"level":"warn","ts":1586342306.1330411,"logger":"fallback-logger","caller":"logging/config.go:69","msg":"Fetch GitHub commit ID from kodata failed: \"ref: refs/heads/0.8.0-**-support-backwards-incompats\" is not a valid GitHub commit ID"}
{"level":"info","ts":1586342307.1895823,"logger":"fallback-logger","caller":"git/git.go:103","msg":"Successfully cloned https://github.com/cb-kubecd/environment-pr-197-37-boot-gke-staging.git @ master in path /workspace/source"}

Showing logs for build [32mcb-kubecd-environment-pr-197-37-ct6s5-1[0m stage [32mfrom-build-pack[0m and container [32mstep-git-merge[0m
Using SHAs from PULL_REFS=master:39197c3e2d12bb6aa1b48e24252ef5c96e65bb70,1:32b12b5ddfaecc8301dc2f20aa340e35fb94eb95
DEBUG: LC_ALL=C JX_LOG_LEVEL=error git fetch origin --unshallow 32b12b5ddfaecc8301dc2f20aa340e35fb94eb95: 39197c3e2d12bb6aa1b48e24252ef5c96e65bb70:
DEBUG: ran git fetch --unshallow origin 32b12b5ddfaecc8301dc2f20aa340e35fb94eb95: 39197c3e2d12bb6aa1b48e24252ef5c96e65bb70: in 
DEBUG: LC_ALL=C JX_LOG_LEVEL=error git branch
DEBUG: JX_LOG_LEVEL=error LC_ALL=C git checkout master
DEBUG: ran git checkout master in 
DEBUG: LC_ALL=C JX_LOG_LEVEL=error git reset --hard 39197c3e2d12bb6aa1b48e24252ef5c96e65bb70
DEBUG: ran git reset --hard 39197c3e2d12bb6aa1b48e24252ef5c96e65bb70 in 
DEBUG: LC_ALL=C JX_LOG_LEVEL=error git clean -fd .
DEBUG: ran clean --force -d . in 
DEBUG: LC_ALL=C JX_LOG_LEVEL=error git merge 32b12b5ddfaecc8301dc2f20aa340e35fb94eb95
DEBUG: ran git merge 32b12b5ddfaecc8301dc2f20aa340e35fb94eb95 in 
DEBUG: LC_ALL=C JX_LOG_LEVEL=error git log --format=%H%x1f%an%x1f%ae%x1f%cn%x1f%ce%x1f%s%n%b%x1e 39197c3e2d12bb6aa1b48e24252ef5c96e65bb70..HEAD
Merged SHA 32b12b5ddfaecc8301dc2f20aa340e35fb94eb95 with commit message 'chore: Promote bdd-spring-1586341812 to version 0.0.1' into base branch master

Showing logs for build [32mcb-kubecd-environment-pr-197-37-ct6s5-1[0m stage [32mfrom-build-pack[0m and container [32mstep-build-helm-build[0m
WARNING: No $CHART_REPOSITORY defined so using the default value of: http://jenkins-x-chartmuseum:8080
Adding missing Helm repo: storage.googleapis.com https://storage.googleapis.com/chartmuseum.jenkins-x.io
WARNING: No secrets found on "helm/repos" due: reading the secret "helm/repos" from vault: no secret "helm/repos" not found in vault
Read credentials for https://storage.googleapis.com/chartmuseum.jenkins-x.io from vault helm/repos
Successfully added Helm repository storage.googleapis.com.
Adding missing Helm repo: jenkins-x-chartmuseum http://jenkins-x-chartmuseum:8080
WARNING: No secrets found on "helm/repos" due: reading the secret "helm/repos" from vault: no secret "helm/repos" not found in vault
Read credentials for http://jenkins-x-chartmuseum:8080 from vault helm/repos
Successfully added Helm repository jenkins-x-chartmuseum.
WARNING: No $CHART_REPOSITORY defined so using the default value of: http://jenkins-x-chartmuseum:8080
Adding missing Helm repo: chartmuseum.jenkins-x.io http://chartmuseum.jenkins-x.io
WARNING: No secrets found on "helm/repos" due: reading the secret "helm/repos" from vault: no secret "helm/repos" not found in vault
Read credentials for http://chartmuseum.jenkins-x.io from vault helm/repos
Successfully added Helm repository chartmuseum.jenkins-x.io.
